<?xml version="1.0" encoding="UTF-8"?>
<testsuite xmlns:xsi="http://www.w3.org/2001/XMLSchema-instance" xsi:noNamespaceSchemaLocation="https://maven.apache.org/surefire/maven-surefire-plugin/xsd/surefire-test-report.xsd" version="3.0.2" name="com.fleetflow.AuthControllerTest" time="23.14" tests="6" errors="0" skipped="0" failures="0">
  <properties>
[...]
</properties>
  <testcase name="login_returns401_whenWrongPassword" classname="com.fleetflow.AuthControllerTest" time="0.648">
    <system-out><![CDATA[08:10:56.399 [main] INFO org.springframework.test.context.support.AnnotationConfigContextLoaderUtils -- Could not detect default configuration classes for test class [com.fleetflow.AuthControllerTest]: AuthControllerTest does not declare any static, non-private, non-final, nested classes annotated with @Configuration.
08:10:56.826 [main] INFO org.springframework.boot.test.context.SpringBootTestContextBootstrapper -- Found @SpringBootConfiguration com.fleetflow.FleetflowApplication for test class com.fleetflow.AuthControllerTest
08:10:57.558 [main] INFO org.springframework.boot.devtools.restart.RestartApplicationListener -- Restart disabled due to context in which it is running

  .   ____          _            __ _ _
 /\\ / ___'_ __ _ _(_)_ __  __ _ \ \ \ \
( ( )\___ | '_ | '_| | '_ \/ _` | \ \ \ \
 \\/  ___)| |_)| | | | | || (_| |  ) ) ) )
  '  |____| .__|_| |_|_| |_\__, | / / / /
 =========|_|==============|___/=/_/_/_/

 :: Spring Boot ::                (v3.5.0)

2026-06-11T08:10:58.737+03:00  INFO 20392 --- [           main] com.fleetflow.AuthControllerTest         : Starting AuthControllerTest using Java 21.0.10 with PID 20392 (started by USER in C:\Users\USER\Desktop\Enterprise Capstone Project\se4801-group-fleetflow)
2026-06-11T08:10:58.739+03:00 DEBUG 20392 --- [           main] com.fleetflow.AuthControllerTest         : Running with Spring Boot v3.5.0, Spring v6.2.7
2026-06-11T08:10:58.742+03:00  INFO 20392 --- [           main] com.fleetflow.AuthControllerTest         : No active profile set, falling back to 1 default profile: "default"
2026-06-11T08:11:01.391+03:00  INFO 20392 --- [           main] .s.d.r.c.RepositoryConfigurationDelegate : Bootstrapping Spring Data JPA repositories in DEFAULT mode.
2026-06-11T08:11:01.553+03:00  INFO 20392 --- [           main] .s.d.r.c.RepositoryConfigurationDelegate : Finished Spring Data repository scanning in 132 ms. Found 2 JPA repository interfaces.
2026-06-11T08:11:06.004+03:00  INFO 20392 --- [           main] com.zaxxer.hikari.HikariDataSource       : HikariPool-1 - Starting...
2026-06-11T08:11:06.704+03:00  INFO 20392 --- [           main] com.zaxxer.hikari.pool.HikariPool        : HikariPool-1 - Added connection org.postgresql.jdbc.PgConnection@b7e20f2
2026-06-11T08:11:06.704+03:00  INFO 20392 --- [           main] com.zaxxer.hikari.HikariDataSource       : HikariPool-1 - Start completed.
2026-06-11T08:11:06.879+03:00  INFO 20392 --- [           main] org.flywaydb.core.FlywayExecutor         : Database: jdbc:postgresql://localhost:5432/fleetflow_db (PostgreSQL 15.18)
2026-06-11T08:11:07.155+03:00  INFO 20392 --- [           main] o.f.core.internal.command.DbValidate     : Successfully validated 1 migration (execution time 00:00.156s)
2026-06-11T08:11:07.232+03:00  INFO 20392 --- [           main] o.f.core.internal.command.DbMigrate      : Current version of schema "public": 1
2026-06-11T08:11:07.242+03:00  INFO 20392 --- [           main] o.f.core.internal.command.DbMigrate      : Schema "public" is up to date. No migration necessary.
2026-06-11T08:11:07.703+03:00  INFO 20392 --- [           main] o.hibernate.jpa.internal.util.LogHelper  : HHH000204: Processing PersistenceUnitInfo [name: default]
2026-06-11T08:11:08.049+03:00  INFO 20392 --- [           main] org.hibernate.Version                    : HHH000412: Hibernate ORM core version 6.6.15.Final
2026-06-11T08:11:08.209+03:00  INFO 20392 --- [           main] o.h.c.internal.RegionFactoryInitiator    : HHH000026: Second-level cache disabled
2026-06-11T08:11:08.746+03:00  INFO 20392 --- [           main] o.s.o.j.p.SpringPersistenceUnitInfo      : No LoadTimeWeaver setup: ignoring JPA class transformer
2026-06-11T08:11:08.966+03:00  WARN 20392 --- [           main] org.hibernate.orm.deprecation            : HHH90000025: PostgreSQLDialect does not need to be specified explicitly using 'hibernate.dialect' (remove the property setting and it will be selected by default)
2026-06-11T08:11:09.018+03:00  INFO 20392 --- [           main] org.hibernate.orm.connections.pooling    : HHH10001005: Database info:
	Database JDBC URL [Connecting through datasource 'HikariDataSource (HikariPool-1)']
	Database driver: undefined/unknown
	Database version: 15.18
	Autocommit mode: undefined/unknown
	Isolation level: undefined/unknown
	Minimum pool size: undefined/unknown
	Maximum pool size: undefined/unknown
2026-06-11T08:11:12.610+03:00  INFO 20392 --- [           main] o.h.e.t.j.p.i.JtaPlatformInitiator       : HHH000489: No JTA platform available (set 'hibernate.transaction.jta.platform' to enable JTA platform integration)
2026-06-11T08:11:12.808+03:00  INFO 20392 --- [           main] j.LocalContainerEntityManagerFactoryBean : Initialized JPA EntityManagerFactory for persistence unit 'default'
2026-06-11T08:11:14.856+03:00  WARN 20392 --- [           main] JpaBaseConfiguration$JpaWebConfiguration : spring.jpa.open-in-view is enabled by default. Therefore, database queries may be performed during view rendering. Explicitly configure spring.jpa.open-in-view to disable this warning
2026-06-11T08:11:15.954+03:00  INFO 20392 --- [           main] eAuthenticationProviderManagerConfigurer : Global AuthenticationManager configured with AuthenticationProvider bean with name authenticationProvider
2026-06-11T08:11:15.954+03:00  WARN 20392 --- [           main] r$InitializeUserDetailsManagerConfigurer : Global AuthenticationManager configured with an AuthenticationProvider bean. UserDetailsService beans will not be used by Spring Security for automatically configuring username/password login. Consider removing the AuthenticationProvider bean. Alternatively, consider using the UserDetailsService in a manually instantiated DaoAuthenticationProvider. If the current configuration is intentional, to turn off this warning, increase the logging level of 'org.springframework.security.config.annotation.authentication.configuration.InitializeUserDetailsBeanManagerConfigurer' to ERROR
2026-06-11T08:11:17.951+03:00 DEBUG 20392 --- [           main] com.fleetflow.security.JwtAuthFilter     : Filter 'jwtAuthFilter' configured for use
2026-06-11T08:11:17.951+03:00  INFO 20392 --- [           main] o.s.b.t.m.w.SpringBootMockServletContext : Initializing Spring TestDispatcherServlet ''
2026-06-11T08:11:17.951+03:00  INFO 20392 --- [           main] o.s.t.web.servlet.TestDispatcherServlet  : Initializing Servlet ''
2026-06-11T08:11:17.951+03:00  INFO 20392 --- [           main] o.s.t.web.servlet.TestDispatcherServlet  : Completed initialization in 0 ms
2026-06-11T08:11:18.049+03:00  INFO 20392 --- [           main] com.fleetflow.AuthControllerTest         : Started AuthControllerTest in 20.547 seconds (process running for 23.972)
2026-06-11T08:11:18.609+03:00 ERROR 20392 --- [           main] c.f.exception.GlobalExceptionHandler     : Authentication failed: Bad credentials
]]></system-out>
    <system-err><![CDATA[Mockito is currently self-attaching to enable the inline-mock-maker. This will no longer work in future releases of the JDK. Please add Mockito as an agent to your build as described in Mockito's documentation: https://javadoc.io/doc/org.mockito/mockito-core/latest/org.mockito/org/mockito/Mockito.html#0.3
WARNING: A Java agent has been loaded dynamically (C:\Users\USER\.m2\repository\net\bytebuddy\byte-buddy-agent\1.17.5\byte-buddy-agent-1.17.5.jar)
WARNING: If a serviceability tool is in use, please run with -XX:+EnableDynamicAgentLoading to hide this warning
WARNING: If a serviceability tool is not in use, please run with -Djdk.instrument.traceUsage for more information
WARNING: Dynamic loading of agents will be disallowed by default in a future release
]]></system-err>
  </testcase>
  <testcase name="register_returns400_whenEmailIsInvalid" classname="com.fleetflow.AuthControllerTest" time="0.076">
    <system-out><![CDATA[2026-06-11T08:11:18.815+03:00 ERROR 20392 --- [           main] c.f.exception.GlobalExceptionHandler     : Validation failed: {email=Email must be a valid email address}
]]></system-out>
  </testcase>
  <testcase name="register_returns400_whenPasswordTooShort" classname="com.fleetflow.AuthControllerTest" time="0.015">
    <system-out><![CDATA[2026-06-11T08:11:18.831+03:00 ERROR 20392 --- [           main] c.f.exception.GlobalExceptionHandler     : Validation failed: {password=Password must be at least 6 characters}
]]></system-out>
  </testcase>
  <testcase name="login_returns200_withToken_whenValidCredentials" classname="com.fleetflow.AuthControllerTest" time="0.137"/>
  <testcase name="login_returns400_whenEmailMissing" classname="com.fleetflow.AuthControllerTest" time="0.021">
    <system-out><![CDATA[2026-06-11T08:11:18.997+03:00 ERROR 20392 --- [           main] c.f.exception.GlobalExceptionHandler     : Validation failed: {email=Email is required}
]]></system-out>
  </testcase>
  <testcase name="register_returns201_whenValidRequest" classname="com.fleetflow.AuthControllerTest" time="0.023"/>
</testsuite>